  salbp2project.cpp
c:\users\joaov\documents\projetos\salbp2\salbp2project\salbp2project\salbp2project.cpp(56): warning C4305: 'inicializando': truncamento de 'double' para 'float'
c:\users\joaov\documents\projetos\salbp2\salbp2project\salbp2project\salbp2project.cpp(57): warning C4305: 'inicializando': truncamento de 'double' para 'float'
c:\users\joaov\documents\projetos\salbp2\salbp2project\salbp2project\salbp2project.cpp(343): warning C4474: 'fprintf': excesso de argumentos transmitidos para cadeia de caracteres de formato
  c:\users\joaov\documents\projetos\salbp2\salbp2project\salbp2project\salbp2project.cpp(343): note: espaços reservados e seus parâmetros esperam 0 argumentos variadic, mas 1 foram fornecidos
c:\users\joaov\documents\projetos\salbp2\salbp2project\salbp2project\salbp2project.cpp(385): warning C4474: 'fprintf': excesso de argumentos transmitidos para cadeia de caracteres de formato
  c:\users\joaov\documents\projetos\salbp2\salbp2project\salbp2project\salbp2project.cpp(385): note: espaços reservados e seus parâmetros esperam 0 argumentos variadic, mas 1 foram fornecidos
c:\users\joaov\documents\projetos\salbp2\salbp2project\salbp2project\salbp2project.cpp(875): warning C4101: 'temp': variável local não referenciada
c:\users\joaov\documents\projetos\salbp2\salbp2project\salbp2project\salbp2project.cpp(875): warning C4101: 'flag': variável local não referenciada
c:\users\joaov\documents\projetos\salbp2\salbp2project\salbp2project\salbp2project.cpp(924): warning C4244: 'inicializando': conversão de 'int' para 'float', possível perda de dados
c:\users\joaov\documents\projetos\salbp2\salbp2project\salbp2project\salbp2project.cpp(951): warning C4477: 'fprintf': a cadeia de formato '%d' requer um argumento do tipo 'int', mas um argumento variadic 1 tem o tipo 'double'
c:\users\joaov\documents\projetos\salbp2\salbp2project\salbp2project\salbp2project.cpp(967): warning C4477: 'fprintf': a cadeia de formato '%d' requer um argumento do tipo 'int', mas um argumento variadic 1 tem o tipo 'double'
c:\users\joaov\documents\projetos\salbp2\salbp2project\salbp2project\salbp2project.cpp(983): warning C4477: 'fprintf': a cadeia de formato '%d' requer um argumento do tipo 'int', mas um argumento variadic 1 tem o tipo 'double'
c:\users\joaov\documents\projetos\salbp2\salbp2project\salbp2project\salbp2project.cpp(1125): warning C4244: 'inicializando': conversão de 'int' para 'float', possível perda de dados
c:\users\joaov\documents\projetos\salbp2\salbp2project\salbp2project\salbp2project.cpp(1102): warning C4101: 'si': variável local não referenciada
c:\users\joaov\documents\projetos\salbp2\salbp2project\salbp2project\salbp2project.cpp(1102): warning C4101: 'sf': variável local não referenciada
c:\users\joaov\documents\projetos\salbp2\salbp2project\salbp2project\salbp2project.cpp(1146): warning C4244: 'argumento': conversão de 'time_t' para 'unsigned int', possível perda de dados
c:\users\joaov\documents\projetos\salbp2\salbp2project\salbp2project\salbp2project.cpp(1176): warning C4244: 'argumento': conversão de 'time_t' para 'unsigned int', possível perda de dados
c:\users\joaov\documents\projetos\salbp2\salbp2project\salbp2project\salbp2project.cpp(1199): warning C4244: 'argumento': conversão de 'time_t' para 'unsigned int', possível perda de dados
c:\users\joaov\documents\projetos\salbp2\salbp2project\salbp2project\salbp2project.cpp(1218): warning C4244: '=': conversão de 'clock_t' para 'float', possível perda de dados
c:\users\joaov\documents\projetos\salbp2\salbp2project\salbp2project\salbp2project.cpp(1231): warning C4244: 'argumento': conversão de 'time_t' para 'unsigned int', possível perda de dados
c:\users\joaov\documents\projetos\salbp2\salbp2project\salbp2project\salbp2project.cpp(1235): warning C4244: 'argumento': conversão de 'time_t' para 'unsigned int', possível perda de dados
c:\users\joaov\documents\projetos\salbp2\salbp2project\salbp2project\salbp2project.cpp(1254): warning C4244: '=': conversão de 'clock_t' para 'float', possível perda de dados
  salbp2project.vcxproj -> C:\Users\joaov\Documents\Projetos\salbp2\salbp2project\x64\Debug\salbp2project.exe
