  pch.cpp
  salbp2project.cpp
c:\users\joaov\documents\projetos\salbp2\salbp2project\salbp2project\salbp2project.cpp(60): warning C4305: 'inicializando': truncamento de 'double' para 'float'
c:\users\joaov\documents\projetos\salbp2\salbp2project\salbp2project\salbp2project.cpp(61): warning C4305: 'inicializando': truncamento de 'double' para 'float'
c:\users\joaov\documents\projetos\salbp2\salbp2project\salbp2project\salbp2project.cpp(387): warning C4474: 'fprintf': excesso de argumentos transmitidos para cadeia de caracteres de formato
  c:\users\joaov\documents\projetos\salbp2\salbp2project\salbp2project\salbp2project.cpp(387): note: espaços reservados e seus parâmetros esperam 0 argumentos variadic, mas 1 foram fornecidos
c:\users\joaov\documents\projetos\salbp2\salbp2project\salbp2project\salbp2project.cpp(429): warning C4474: 'fprintf': excesso de argumentos transmitidos para cadeia de caracteres de formato
  c:\users\joaov\documents\projetos\salbp2\salbp2project\salbp2project\salbp2project.cpp(429): note: espaços reservados e seus parâmetros esperam 0 argumentos variadic, mas 1 foram fornecidos
c:\users\joaov\documents\projetos\salbp2\salbp2project\salbp2project\salbp2project.cpp(881): warning C4101: 'temp': variável local não referenciada
c:\users\joaov\documents\projetos\salbp2\salbp2project\salbp2project\salbp2project.cpp(881): warning C4101: 'flag': variável local não referenciada
c:\users\joaov\documents\projetos\salbp2\salbp2project\salbp2project\salbp2project.cpp(932): warning C4244: 'inicializando': conversão de 'int' para 'float', possível perda de dados
c:\users\joaov\documents\projetos\salbp2\salbp2project\salbp2project\salbp2project.cpp(959): warning C4477: 'fprintf': a cadeia de formato '%d' requer um argumento do tipo 'int', mas um argumento variadic 1 tem o tipo 'double'
c:\users\joaov\documents\projetos\salbp2\salbp2project\salbp2project\salbp2project.cpp(975): warning C4477: 'fprintf': a cadeia de formato '%d' requer um argumento do tipo 'int', mas um argumento variadic 1 tem o tipo 'double'
c:\users\joaov\documents\projetos\salbp2\salbp2project\salbp2project\salbp2project.cpp(991): warning C4477: 'fprintf': a cadeia de formato '%d' requer um argumento do tipo 'int', mas um argumento variadic 1 tem o tipo 'double'
c:\users\joaov\documents\projetos\salbp2\salbp2project\salbp2project\salbp2project.cpp(1133): warning C4244: 'inicializando': conversão de 'int' para 'float', possível perda de dados
c:\users\joaov\documents\projetos\salbp2\salbp2project\salbp2project\salbp2project.cpp(1110): warning C4101: 'si': variável local não referenciada
c:\users\joaov\documents\projetos\salbp2\salbp2project\salbp2project\salbp2project.cpp(1110): warning C4101: 'sf': variável local não referenciada
c:\users\joaov\documents\projetos\salbp2\salbp2project\salbp2project\salbp2project.cpp(1187): warning C4244: 'argumento': conversão de 'time_t' para 'unsigned int', possível perda de dados
c:\users\joaov\documents\projetos\salbp2\salbp2project\salbp2project\salbp2project.cpp(1297): warning C4244: '=': conversão de 'clock_t' para 'float', possível perda de dados
c:\users\joaov\documents\projetos\salbp2\salbp2project\salbp2project\salbp2project.cpp(1331): warning C4244: '=': conversão de 'clock_t' para 'float', possível perda de dados
  Gerando código
  All 63 functions were compiled because no usable IPDB/IOBJ from previous compilation was found.
  Finalizada a geração de código
  salbp2project.vcxproj -> C:\Users\joaov\Documents\Projetos\salbp2\salbp2project\Release\salbp2project.exe
