  salbp2project.cpp
c:\users\joaov\documents\projetos\salbp2\salbp2project\salbp2project\salbp2project.cpp(450): warning C4474: 'fprintf': excesso de argumentos transmitidos para cadeia de caracteres de formato
  c:\users\joaov\documents\projetos\salbp2\salbp2project\salbp2project\salbp2project.cpp(450): note: espaços reservados e seus parâmetros esperam 0 argumentos variadic, mas 1 foram fornecidos
c:\users\joaov\documents\projetos\salbp2\salbp2project\salbp2project\salbp2project.cpp(520): warning C4101: 'custoNovo': variável local não referenciada
c:\users\joaov\documents\projetos\salbp2\salbp2project\salbp2project\salbp2project.cpp(805): warning C4101: 'temp': variável local não referenciada
c:\users\joaov\documents\projetos\salbp2\salbp2project\salbp2project\salbp2project.cpp(805): warning C4101: 'flag': variável local não referenciada
c:\users\joaov\documents\projetos\salbp2\salbp2project\salbp2project\salbp2project.cpp(824): warning C4244: 'inicializando': conversão de 'int' para 'float', possível perda de dados
c:\users\joaov\documents\projetos\salbp2\salbp2project\salbp2project\salbp2project.cpp(840): warning C4244: 'inicializando': conversão de 'int' para 'float', possível perda de dados
c:\users\joaov\documents\projetos\salbp2\salbp2project\salbp2project\salbp2project.cpp(855): warning C4244: '=': conversão de 'float' para 'int', possível perda de dados
c:\users\joaov\documents\projetos\salbp2\salbp2project\salbp2project\salbp2project.cpp(856): warning C4244: 'return': conversão de 'int' para 'float', possível perda de dados
c:\users\joaov\documents\projetos\salbp2\salbp2project\salbp2project\salbp2project.cpp(884): warning C4244: 'inicializando': conversão de 'int' para 'float', possível perda de dados
c:\users\joaov\documents\projetos\salbp2\salbp2project\salbp2project\salbp2project.cpp(895): warning C4244: '=': conversão de 'clock_t' para 'float', possível perda de dados
c:\users\joaov\documents\projetos\salbp2\salbp2project\salbp2project\salbp2project.cpp(903): warning C4244: 'argumento': conversão de 'time_t' para 'unsigned int', possível perda de dados
c:\users\joaov\documents\projetos\salbp2\salbp2project\salbp2project\salbp2project.cpp(908): warning C4305: 'inicializando': truncamento de 'double' para 'float'
c:\users\joaov\documents\projetos\salbp2\salbp2project\salbp2project\salbp2project.cpp(910): warning C4305: 'inicializando': truncamento de 'double' para 'float'
c:\users\joaov\documents\projetos\salbp2\salbp2project\salbp2project\salbp2project.cpp(917): warning C4305: 'inicializando': truncamento de 'double' para 'float'
c:\users\joaov\documents\projetos\salbp2\salbp2project\salbp2project\salbp2project.cpp(918): warning C4305: 'inicializando': truncamento de 'double' para 'float'
c:\users\joaov\documents\projetos\salbp2\salbp2project\salbp2project\salbp2project.cpp(968): warning C4244: 'argumento': conversão de 'float' para 'int', possível perda de dados
c:\users\joaov\documents\projetos\salbp2\salbp2project\salbp2project\salbp2project.cpp(989): warning C4244: '=': conversão de 'clock_t' para 'float', possível perda de dados
  salbp2project.vcxproj -> C:\Users\joaov\Documents\Projetos\salbp2\salbp2project\Debug\salbp2project.exe
